#-----------------------------------------------------------
# PlanAhead v14.7 (64-bit)
# Build 321239 by xbuild on Fri Sep 27 19:29:51 MDT 2013
# Start of session at: Fri Mar 13 06:25:24 2020
# Process ID: 7240
# Log file: C:/Users/Sanuj Kulshrestha/Documents/Xilinx-Workspace/Single-Dice-Game/planAhead_run_1/planAhead.log
# Journal file: C:/Users/Sanuj Kulshrestha/Documents/Xilinx-Workspace/Single-Dice-Game/planAhead_run_1/planAhead.jou
#-----------------------------------------------------------
INFO: [Common 17-78] Attempting to get a license: PlanAhead
INFO: [Common 17-290] Got license for PlanAhead
INFO: [Device 21-36] Loading parts and site information from C:/Xilinx/14.7/ISE_DS/PlanAhead/data/parts/arch.xml
Parsing RTL primitives file [C:/Xilinx/14.7/ISE_DS/PlanAhead/data/parts/xilinx/rtl/prims/rtl_prims.xml]
Finished parsing RTL primitives file [C:/Xilinx/14.7/ISE_DS/PlanAhead/data/parts/xilinx/rtl/prims/rtl_prims.xml]
start_gui
source {C:/Users/Sanuj Kulshrestha/Documents/Xilinx-Workspace/Single-Dice-Game/pa.fromHdl.tcl}
# create_project -name Single-Dice-Game -dir "C:/Users/Sanuj Kulshrestha/Documents/Xilinx-Workspace/Single-Dice-Game/planAhead_run_1" -part xc6slx9tqg144-3
# set_param project.pinAheadLayout yes
# set srcset [get_property srcset [current_run -impl]]
# set_property target_constrs_file "FSM.ucf" [current_fileset -constrset]
Adding file 'C:/Users/Sanuj Kulshrestha/Documents/Xilinx-Workspace/Single-Dice-Game/FSM.ucf' to fileset 'constrs_1'
# set hdlfile [add_files [list {RNG.vhd}]]
# set_property file_type VHDL $hdlfile
# set_property library work $hdlfile
# set hdlfile [add_files [list {display.vhd}]]
# set_property file_type VHDL $hdlfile
# set_property library work $hdlfile
# set hdlfile [add_files [list {comaparor3bit.vhd}]]
# set_property file_type VHDL $hdlfile
# set_property library work $hdlfile
# set hdlfile [add_files [list {FSM.vhd}]]
# set_property file_type VHDL $hdlfile
# set_property library work $hdlfile
# set_property top FSM $srcset
# add_files [list {FSM.ucf}] -fileset [get_property constrset [current_run]]
# open_rtl_design -part xc6slx9tqg144-3
Using Verific elaboration
Parsing VHDL file "C:/Xilinx/14.7/ISE_DS/PlanAhead/data/parts/xilinx/rtl/lib/synplify/synattr.vhd" into library synplify
Parsing VHDL file "C:/Xilinx/14.7/ISE_DS/PlanAhead/data/parts/xilinx/rtl/lib/synplify/synattr.vhd" into library synplify
Parsing VHDL file "C:/Users/Sanuj Kulshrestha/Documents/Xilinx-Workspace/Single-Dice-Game/RNG.vhd" into library work
Parsing VHDL file "C:/Users/Sanuj Kulshrestha/Documents/Xilinx-Workspace/Single-Dice-Game/display.vhd" into library work
Parsing VHDL file "C:/Users/Sanuj Kulshrestha/Documents/Xilinx-Workspace/Single-Dice-Game/comaparor3bit.vhd" into library work
Parsing VHDL file "C:/Users/Sanuj Kulshrestha/Documents/Xilinx-Workspace/Single-Dice-Game/FSM.vhd" into library work
Loading clock regions from C:/Xilinx/14.7/ISE_DS/PlanAhead/data\parts/xilinx/spartan6/spartan6lx/xc6slx9/ClockRegion.xml
Loading clock buffers from C:/Xilinx/14.7/ISE_DS/PlanAhead/data\parts/xilinx/spartan6/spartan6lx/xc6slx9/ClockBuffers.xml
Loading package pin functions from C:/Xilinx/14.7/ISE_DS/PlanAhead/data\parts/xilinx/spartan6/PinFunctions.xml...
Loading package from C:/Xilinx/14.7/ISE_DS/PlanAhead/data\parts/xilinx/spartan6/spartan6lx/xc6slx9/tqg144/Package.xml
Loading io standards from C:/Xilinx/14.7/ISE_DS/PlanAhead/data\./parts/xilinx/spartan6/IOStandards.xml
Loading device configuration modes from C:/Xilinx/14.7/ISE_DS/PlanAhead/data\parts/xilinx/spartan6/ConfigModes.xml
Loading list of drcs for the architecture : C:/Xilinx/14.7/ISE_DS/PlanAhead/data\./parts/xilinx/spartan6/drc.xml
Parsing UCF File [C:/Users/Sanuj Kulshrestha/Documents/Xilinx-Workspace/Single-Dice-Game/FSM.ucf]
Finished Parsing UCF File [C:/Users/Sanuj Kulshrestha/Documents/Xilinx-Workspace/Single-Dice-Game/FSM.ucf]
INFO: [Project 1-111] Unisim Transformation Summary:
No Unisim elements were transformed.

Phase 0 | Netlist Checksum: 473f1ad9
open_rtl_design: Time (s): elapsed = 00:00:11 . Memory (MB): peak = 636.434 ; gain = 164.859
update_compile_order -fileset sim_1
startgroup
set_property package_pin P81 [get_ports {num[2]}]
endgroup
startgroup
set_property package_pin P82 [get_ports {num[1]}]
endgroup
startgroup
set_property package_pin P83 [get_ports {num[0]}]
endgroup
startgroup
set_property package_pin P8 [get_ports {rndisp[2]}]
endgroup
startgroup
set_property package_pin P1 [get_ports {rndisp[2]}]
endgroup
startgroup
set_property package_pin P8 [get_ports {rndisp[2]}]
endgroup
startgroup
set_property package_pin P6 [get_ports {rndisp[1]}]
endgroup
startgroup
set_property package_pin P5 [get_ports {rndisp[0]}]
endgroup
startgroup
set_property package_pin P87 [get_ports clk]
endgroup
startgroup
set_property package_pin P93 [get_ports L]
endgroup
startgroup
set_property package_pin P16 [get_ports PA]
endgroup
startgroup
set_property package_pin P17 [get_ports sw]
endgroup
startgroup
set_property package_pin P94 [get_ports W]
endgroup
save_constraints
exit
ERROR: [PlanAhead 12-106] *** Exception: ui.h.b: Found deleted key in HTclEventBroker. Verify if the classes listed here call cleanup()
HTclEvent: DEBUG_CORE_CONFIG_CHANGE   Classes: ui.views.aR 
HTclEvent: DEBUG_PORT_CONFIG_CHANGE   Classes: ui.views.aR 
HTclEvent: SIGNAL_MODIFY   Classes: ui.views.aR 
HTclEvent: SIGNAL_BUS_MODIFY   Classes: ui.views.aR 
 (See C:/Users/Sanuj Kulshrestha/Documents/Xilinx-Workspace/Single-Dice-Game\planAhead_pid7240.debug)
ERROR: [Common 17-39] 'stop_gui' failed due to earlier errors.
INFO: [Common 17-206] Exiting PlanAhead at Fri Mar 13 06:33:16 2020...
INFO: [Common 17-83] Releasing license: PlanAhead
