Release 14.7 - xst P.20131013 (nt64)
Copyright (c) 1995-2013 Xilinx, Inc.  All rights reserved.
--> Parameter TMPDIR set to xst/projnav.tmp


Total REAL time to Xst completion: 0.00 secs
Total CPU time to Xst completion: 0.17 secs
 
--> Parameter xsthdpdir set to xst


Total REAL time to Xst completion: 0.00 secs
Total CPU time to Xst completion: 0.17 secs
 
--> Reading design: FSM.prj

TABLE OF CONTENTS
  1) Synthesis Options Summary
  2) HDL Parsing
  3) HDL Elaboration
  4) HDL Synthesis
       4.1) HDL Synthesis Report
  5) Advanced HDL Synthesis
       5.1) Advanced HDL Synthesis Report
  6) Low Level Synthesis
  7) Partition Report
  8) Design Summary
       8.1) Primitive and Black Box Usage
       8.2) Device utilization summary
       8.3) Partition Resource Summary
       8.4) Timing Report
            8.4.1) Clock Information
            8.4.2) Asynchronous Control Signals Information
            8.4.3) Timing Summary
            8.4.4) Timing Details
            8.4.5) Cross Clock Domains Report


=========================================================================
*                      Synthesis Options Summary                        *
=========================================================================
---- Source Parameters
Input File Name                    : "FSM.prj"
Ignore Synthesis Constraint File   : NO

---- Target Parameters
Output File Name                   : "FSM"
Output Format                      : NGC
Target Device                      : xc6slx9-3-tqg144

---- Source Options
Top Module Name                    : FSM
Automatic FSM Extraction           : YES
FSM Encoding Algorithm             : Auto
Safe Implementation                : No
FSM Style                          : LUT
RAM Extraction                     : Yes
RAM Style                          : Auto
ROM Extraction                     : Yes
Shift Register Extraction          : YES
ROM Style                          : Auto
Resource Sharing                   : YES
Asynchronous To Synchronous        : NO
Shift Register Minimum Size        : 2
Use DSP Block                      : Auto
Automatic Register Balancing       : No

---- Target Options
LUT Combining                      : Auto
Reduce Control Sets                : Auto
Add IO Buffers                     : YES
Global Maximum Fanout              : 100000
Add Generic Clock Buffer(BUFG)     : 16
Register Duplication               : YES
Optimize Instantiated Primitives   : NO
Use Clock Enable                   : Auto
Use Synchronous Set                : Auto
Use Synchronous Reset              : Auto
Pack IO Registers into IOBs        : Auto
Equivalent register Removal        : YES

---- General Options
Optimization Goal                  : Speed
Optimization Effort                : 1
Power Reduction                    : NO
Keep Hierarchy                     : No
Netlist Hierarchy                  : As_Optimized
RTL Output                         : Yes
Global Optimization                : AllClockNets
Read Cores                         : YES
Write Timing Constraints           : NO
Cross Clock Analysis               : NO
Hierarchy Separator                : /
Bus Delimiter                      : <>
Case Specifier                     : Maintain
Slice Utilization Ratio            : 100
BRAM Utilization Ratio             : 100
DSP48 Utilization Ratio            : 100
Auto BRAM Packing                  : NO
Slice Utilization Ratio Delta      : 5

=========================================================================


=========================================================================
*                          HDL Parsing                                  *
=========================================================================
Parsing VHDL file "C:\Users\Sanuj Kulshrestha\Documents\Xilinx-Workspace\Single-Dice-Game\RNG.vhd" into library work
Parsing entity <RNG>.
Parsing architecture <Behavioral> of entity <rng>.
Parsing VHDL file "C:\Users\Sanuj Kulshrestha\Documents\Xilinx-Workspace\Single-Dice-Game\display.vhd" into library work
Parsing entity <display>.
Parsing architecture <Behavioral> of entity <display>.
Parsing VHDL file "C:\Users\Sanuj Kulshrestha\Documents\Xilinx-Workspace\Single-Dice-Game\comaparor3bit.vhd" into library work
Parsing entity <comaparor3bit>.
Parsing architecture <Behavioral> of entity <comaparor3bit>.
Parsing VHDL file "C:\Users\Sanuj Kulshrestha\Documents\Xilinx-Workspace\Single-Dice-Game\FSM.vhd" into library work
Parsing entity <FSM>.
Parsing architecture <Behavioral> of entity <fsm>.

=========================================================================
*                            HDL Elaboration                            *
=========================================================================

Elaborating entity <FSM> (architecture <Behavioral>) from library <work>.

Elaborating entity <RNG> (architecture <Behavioral>) from library <work>.

Elaborating entity <comaparor3bit> (architecture <Behavioral>) from library <work>.

Elaborating entity <display> (architecture <Behavioral>) from library <work>.

=========================================================================
*                           HDL Synthesis                               *
=========================================================================

Synthesizing Unit <FSM>.
    Related source file is "C:\Users\Sanuj Kulshrestha\Documents\Xilinx-Workspace\Single-Dice-Game\FSM.vhd".
    Found 3-bit register for signal <nState>.
    Found 4x1-bit Read Only RAM for signal <W>
    Found 4x1-bit Read Only RAM for signal <L>
    Found 8x6-bit Read Only RAM for signal <_n0040>
    Found 3-bit 6-to-1 multiplexer for signal <pState[2]_X_3_o_wide_mux_5_OUT> created at line 86.
    Summary:
	inferred   3 RAM(s).
	inferred   3 D-type flip-flop(s).
	inferred   1 Multiplexer(s).
Unit <FSM> synthesized.

Synthesizing Unit <RNG>.
    Related source file is "C:\Users\Sanuj Kulshrestha\Documents\Xilinx-Workspace\Single-Dice-Game\RNG.vhd".
    Found 3-bit register for signal <count>.
    Found 3-bit register for signal <rn>.
    Summary:
	inferred   6 D-type flip-flop(s).
Unit <RNG> synthesized.

Synthesizing Unit <comaparor3bit>.
    Related source file is "C:\Users\Sanuj Kulshrestha\Documents\Xilinx-Workspace\Single-Dice-Game\comaparor3bit.vhd".
WARNING:Xst:737 - Found 1-bit latch for signal <eq>. Latches may be generated from incomplete case or if statements. We do not recommend the use of latches in FPGA/CPLD designs, as they may lead to timing problems.
    Found 3-bit comparator equal for signal <rn[2]_num[2]_equal_1_o> created at line 43
    Summary:
	inferred   1 Latch(s).
	inferred   1 Comparator(s).
	inferred   1 Multiplexer(s).
Unit <comaparor3bit> synthesized.

Synthesizing Unit <display>.
    Related source file is "C:\Users\Sanuj Kulshrestha\Documents\Xilinx-Workspace\Single-Dice-Game\display.vhd".
    Summary:
	inferred   1 Multiplexer(s).
Unit <display> synthesized.

=========================================================================
HDL Synthesis Report

Macro Statistics
# RAMs                                                 : 3
 4x1-bit single-port Read Only RAM                     : 2
 8x6-bit single-port Read Only RAM                     : 1
# Registers                                            : 3
 3-bit register                                        : 3
# Latches                                              : 1
 1-bit latch                                           : 1
# Comparators                                          : 1
 3-bit comparator equal                                : 1
# Multiplexers                                         : 3
 1-bit 2-to-1 multiplexer                              : 1
 3-bit 2-to-1 multiplexer                              : 1
 3-bit 6-to-1 multiplexer                              : 1
# Xors                                                 : 1
 1-bit xor2                                            : 1

=========================================================================

=========================================================================
*                       Advanced HDL Synthesis                          *
=========================================================================


Synthesizing (advanced) Unit <FSM>.
INFO:Xst:3231 - The small RAM <Mram_W> will be implemented on LUTs in order to maximize performance and save block RAM resources. If you want to force its implementation on block, use option/constraint ram_style.
    -----------------------------------------------------------------------
    | ram_type           | Distributed                         |          |
    -----------------------------------------------------------------------
    | Port A                                                              |
    |     aspect ratio   | 4-word x 1-bit                      |          |
    |     weA            | connected to signal <GND>           | high     |
    |     addrA          | connected to signal <nState<1:0>>   |          |
    |     diA            | connected to signal <GND>           |          |
    |     doA            | connected to signal <W>             |          |
    -----------------------------------------------------------------------
INFO:Xst:3231 - The small RAM <Mram__n0040> will be implemented on LUTs in order to maximize performance and save block RAM resources. If you want to force its implementation on block, use option/constraint ram_style.
    -----------------------------------------------------------------------
    | ram_type           | Distributed                         |          |
    -----------------------------------------------------------------------
    | Port A                                                              |
    |     aspect ratio   | 8-word x 6-bit                      |          |
    |     weA            | connected to signal <GND>           | high     |
    |     addrA          | connected to signal <nState>        |          |
    |     diA            | connected to signal <GND>           |          |
    |     doA            | connected to internal node          |          |
    -----------------------------------------------------------------------
INFO:Xst:3231 - The small RAM <Mram_L> will be implemented on LUTs in order to maximize performance and save block RAM resources. If you want to force its implementation on block, use option/constraint ram_style.
    -----------------------------------------------------------------------
    | ram_type           | Distributed                         |          |
    -----------------------------------------------------------------------
    | Port A                                                              |
    |     aspect ratio   | 4-word x 1-bit                      |          |
    |     weA            | connected to signal <GND>           | high     |
    |     addrA          | connected to signal <(nState<2>,nState<0>)> |          |
    |     diA            | connected to signal <GND>           |          |
    |     doA            | connected to signal <L>             |          |
    -----------------------------------------------------------------------
Unit <FSM> synthesized (advanced).

=========================================================================
Advanced HDL Synthesis Report

Macro Statistics
# RAMs                                                 : 3
 4x1-bit single-port distributed Read Only RAM         : 2
 8x6-bit single-port distributed Read Only RAM         : 1
# Registers                                            : 9
 Flip-Flops                                            : 9
# Comparators                                          : 1
 3-bit comparator equal                                : 1
# Multiplexers                                         : 3
 1-bit 2-to-1 multiplexer                              : 1
 3-bit 2-to-1 multiplexer                              : 1
 3-bit 6-to-1 multiplexer                              : 1
# Xors                                                 : 1
 1-bit xor2                                            : 1

=========================================================================

=========================================================================
*                         Low Level Synthesis                           *
=========================================================================
WARNING:Xst:3002 - This design contains one or more registers/latches that are directly
   incompatible with the Spartan6 architecture. The two primary causes of this is
   either a register or latch described with both an asynchronous set and
   asynchronous reset, or a register or latch described with an asynchronous
   set or reset which however has an initialization value of the opposite 
   polarity (i.e. asynchronous reset with an initialization value of 1).
    While this circuit can be built, it creates a sub-optimal implementation
   in terms of area, power and performance. For a more optimal implementation
   Xilinx highly recommends one of the following:

          1) Remove either the set or reset from all registers and latches
             if not needed for required functionality
          2) Modify the code in order to produce a synchronous set
             and/or reset (both is preferred)
          3) Ensure all registers have the same initialization value as the
             described asynchronous set or reset polarity
          4) Use the -async_to_sync option to transform the asynchronous
             set/reset to synchronous operation
             (timing simulation highly recommended when using this option)

  Please refer to http://www.xilinx.com search string "Spartan6 asynchronous set/reset" for more details.

  List of register instances with asynchronous set and reset:
    cmp01/eq in unit <FSM>


Optimizing unit <FSM> ...

Optimizing unit <RNG> ...

Mapping all equations...
Building and optimizing final netlist ...
Found area constraint ratio of 100 (+ 5) on block FSM, actual ratio is 0.

Final Macro Processing ...

=========================================================================
Final Register Report

Macro Statistics
# Registers                                            : 9
 Flip-Flops                                            : 9

=========================================================================

=========================================================================
*                           Partition Report                            *
=========================================================================

Partition Implementation Status
-------------------------------

  No Partitions were found in this design.

-------------------------------

=========================================================================
*                            Design Summary                             *
=========================================================================

Top Level Output File Name         : FSM.ngc

Primitive and Black Box Usage:
------------------------------
# BELS                             : 18
#      LUT2                        : 2
#      LUT3                        : 1
#      LUT4                        : 4
#      LUT5                        : 8
#      LUT6                        : 2
#      VCC                         : 1
# FlipFlops/Latches                : 10
#      FD                          : 9
#      LD                          : 1
# Clock Buffers                    : 1
#      BUFGP                       : 1
# IO Buffers                       : 10
#      IBUF                        : 4
#      OBUF                        : 6

Device utilization summary:
---------------------------

Selected Device : 6slx9tqg144-3 


Slice Logic Utilization: 
 Number of Slice Registers:              10  out of  11440     0%  
 Number of Slice LUTs:                   17  out of   5720     0%  
    Number used as Logic:                17  out of   5720     0%  

Slice Logic Distribution: 
 Number of LUT Flip Flop pairs used:     17
   Number with an unused Flip Flop:       7  out of     17    41%  
   Number with an unused LUT:             0  out of     17     0%  
   Number of fully used LUT-FF pairs:    10  out of     17    58%  
   Number of unique control sets:         2

IO Utilization: 
 Number of IOs:                          11
 Number of bonded IOBs:                  11  out of    102    10%  

Specific Feature Utilization:
 Number of BUFG/BUFGCTRLs:                1  out of     16     6%  

---------------------------
Partition Resource Summary:
---------------------------

  No Partitions were found in this design.

---------------------------


=========================================================================
Timing Report

NOTE: THESE TIMING NUMBERS ARE ONLY A SYNTHESIS ESTIMATE.
      FOR ACCURATE TIMING INFORMATION PLEASE REFER TO THE TRACE REPORT
      GENERATED AFTER PLACE-and-ROUTE.

Clock Information:
------------------
-----------------------------------+------------------------+-------+
Clock Signal                       | Clock buffer(FF name)  | Load  |
-----------------------------------+------------------------+-------+
clk                                | BUFGP                  | 9     |
N0                                 | NONE(cmp01/eq)         | 1     |
-----------------------------------+------------------------+-------+
INFO:Xst:2169 - HDL ADVISOR - Some clock signals were not automatically buffered by XST with BUFG/BUFR resources. Please use the buffer_type constraint in order to insert these buffers to the clock signals to help prevent skew problems.

Asynchronous Control Signals Information:
----------------------------------------
No asynchronous control signals found in this design

Timing Summary:
---------------
Speed Grade: -3

   Minimum period: 1.964ns (Maximum Frequency: 509.191MHz)
   Minimum input arrival time before clock: 2.522ns
   Maximum output required time after clock: 5.035ns
   Maximum combinational path delay: No path found

Timing Details:
---------------
All values displayed in nanoseconds (ns)

=========================================================================
Timing constraint: Default period analysis for Clock 'clk'
  Clock period: 1.964ns (frequency: 509.191MHz)
  Total number of paths / destination ports: 40 / 9
-------------------------------------------------------------------------
Delay:               1.964ns (Levels of Logic = 1)
  Source:            nState_1 (FF)
  Destination:       nState_0 (FF)
  Source Clock:      clk rising
  Destination Clock: clk rising

  Data Path: nState_1 to nState_0
                                Gate     Net
    Cell:in->out      fanout   Delay   Delay  Logical Name (Net Name)
    ----------------------------------------  ------------
     FD:C->Q              15   0.447   1.210  nState_1 (nState_1)
     LUT5:I2->O            1   0.205   0.000  Mmux_pState[2]_X_3_o_wide_mux_5_OUT21 (pState[2]_X_3_o_wide_mux_5_OUT<1>)
     FD:D                      0.102          nState_1
    ----------------------------------------
    Total                      1.964ns (0.754ns logic, 1.210ns route)
                                       (38.4% logic, 61.6% route)

=========================================================================
Timing constraint: Default OFFSET IN BEFORE for Clock 'clk'
  Total number of paths / destination ports: 3 / 3
-------------------------------------------------------------------------
Offset:              2.522ns (Levels of Logic = 2)
  Source:            sw (PAD)
  Destination:       nState_0 (FF)
  Destination Clock: clk rising

  Data Path: sw to nState_0
                                Gate     Net
    Cell:in->out      fanout   Delay   Delay  Logical Name (Net Name)
    ----------------------------------------  ------------
     IBUF:I->O             3   1.222   0.995  sw_IBUF (sw_IBUF)
     LUT5:I0->O            1   0.203   0.000  Mmux_pState[2]_X_3_o_wide_mux_5_OUT21 (pState[2]_X_3_o_wide_mux_5_OUT<1>)
     FD:D                      0.102          nState_1
    ----------------------------------------
    Total                      2.522ns (1.527ns logic, 0.995ns route)
                                       (60.5% logic, 39.5% route)

=========================================================================
Timing constraint: Default OFFSET OUT AFTER for Clock 'clk'
  Total number of paths / destination ports: 19 / 6
-------------------------------------------------------------------------
Offset:              5.035ns (Levels of Logic = 2)
  Source:            nState_0 (FF)
  Destination:       PA (PAD)
  Source Clock:      clk rising

  Data Path: nState_0 to PA
                                Gate     Net
    Cell:in->out      fanout   Delay   Delay  Logical Name (Net Name)
    ----------------------------------------  ------------
     FD:C->Q              16   0.447   1.233  nState_0 (nState_0)
     LUT3:I0->O            1   0.205   0.579  Mram__n004051 (Mram__n00405)
     OBUF:I->O                 2.571          PA_OBUF (PA)
    ----------------------------------------
    Total                      5.035ns (3.223ns logic, 1.812ns route)
                                       (64.0% logic, 36.0% route)

=========================================================================

Cross Clock Domains Report:
--------------------------

Clock to Setup on destination clock clk
---------------+---------+---------+---------+---------+
               | Src:Rise| Src:Fall| Src:Rise| Src:Fall|
Source Clock   |Dest:Rise|Dest:Rise|Dest:Fall|Dest:Fall|
---------------+---------+---------+---------+---------+
clk            |    1.964|         |         |         |
---------------+---------+---------+---------+---------+

=========================================================================


Total REAL time to Xst completion: 7.00 secs
Total CPU time to Xst completion: 6.83 secs
 
--> 

Total memory usage is 4493984 kilobytes

Number of errors   :    0 (   0 filtered)
Number of warnings :    2 (   0 filtered)
Number of infos    :    4 (   0 filtered)

