
****** PlanAhead v14.7 (64-bit)
  **** Build 321239 by xbuild on Fri Sep 27 19:29:51 MDT 2013
    ** Copyright 1986-1999, 2001-2013 Xilinx, Inc. All Rights Reserved.

INFO: [Common 17-78] Attempting to get a license: PlanAhead
INFO: [Common 17-290] Got license for PlanAhead
INFO: [Device 21-36] Loading parts and site information from C:/Xilinx/14.7/ISE_DS/PlanAhead/data/parts/arch.xml
Parsing RTL primitives file [C:/Xilinx/14.7/ISE_DS/PlanAhead/data/parts/xilinx/rtl/prims/rtl_prims.xml]
Finished parsing RTL primitives file [C:/Xilinx/14.7/ISE_DS/PlanAhead/data/parts/xilinx/rtl/prims/rtl_prims.xml]
start_gui
source {C:/Users/Sanuj Kulshrestha/Documents/Xilinx-Workspace/PWM/pa.fromHdl.tcl}
# create_project -name PWM -dir "C:/Users/Sanuj Kulshrestha/Documents/Xilinx-Workspace/PWM/planAhead_run_1" -part xc6slx9tqg144-3
# set_param project.pinAheadLayout yes
# set srcset [get_property srcset [current_run -impl]]
# set_property target_constrs_file "pwm.ucf" [current_fileset -constrset]
Adding file 'C:/Users/Sanuj Kulshrestha/Documents/Xilinx-Workspace/PWM/pwm.ucf' to fileset 'constrs_1'
# set hdlfile [add_files [list {pwm.vhd}]]
# set_property file_type VHDL $hdlfile
# set_property library work $hdlfile
# set_property top pwm $srcset
# add_files [list {pwm.ucf}] -fileset [get_property constrset [current_run]]
# open_rtl_design -part xc6slx9tqg144-3
Using Verific elaboration
Parsing VHDL file "C:/Xilinx/14.7/ISE_DS/PlanAhead/data/parts/xilinx/rtl/lib/synplify/synattr.vhd" into library synplify
Parsing VHDL file "C:/Xilinx/14.7/ISE_DS/PlanAhead/data/parts/xilinx/rtl/lib/synplify/synattr.vhd" into library synplify
Parsing VHDL file "C:/Users/Sanuj Kulshrestha/Documents/Xilinx-Workspace/PWM/pwm.vhd" into library work
Loading clock regions from C:/Xilinx/14.7/ISE_DS/PlanAhead/data\parts/xilinx/spartan6/spartan6lx/xc6slx9/ClockRegion.xml
Loading clock buffers from C:/Xilinx/14.7/ISE_DS/PlanAhead/data\parts/xilinx/spartan6/spartan6lx/xc6slx9/ClockBuffers.xml
Loading package pin functions from C:/Xilinx/14.7/ISE_DS/PlanAhead/data\parts/xilinx/spartan6/PinFunctions.xml...
Loading package from C:/Xilinx/14.7/ISE_DS/PlanAhead/data\parts/xilinx/spartan6/spartan6lx/xc6slx9/tqg144/Package.xml
Loading io standards from C:/Xilinx/14.7/ISE_DS/PlanAhead/data\./parts/xilinx/spartan6/IOStandards.xml
Loading device configuration modes from C:/Xilinx/14.7/ISE_DS/PlanAhead/data\parts/xilinx/spartan6/ConfigModes.xml
Loading list of drcs for the architecture : C:/Xilinx/14.7/ISE_DS/PlanAhead/data\./parts/xilinx/spartan6/drc.xml
Parsing UCF File [C:/Users/Sanuj Kulshrestha/Documents/Xilinx-Workspace/PWM/pwm.ucf]
Finished Parsing UCF File [C:/Users/Sanuj Kulshrestha/Documents/Xilinx-Workspace/PWM/pwm.ucf]
INFO: [Project 1-111] Unisim Transformation Summary:
No Unisim elements were transformed.

Phase 0 | Netlist Checksum: 08fecf07
open_rtl_design: Time (s): elapsed = 00:00:10 . Memory (MB): peak = 634.227 ; gain = 156.203
update_compile_order -fileset sim_1
startgroup
set_property package_pin P95 [get_ports {duticycle[7]}]
endgroup
startgroup
set_property package_pin P92 [get_ports {duticycle[7]}]
endgroup
startgroup
set_property package_pin P95 [get_ports pwm_out]
endgroup
startgroup
set_property package_pin P87 [get_ports clk]
endgroup
startgroup
set_property package_pin P92 [get_ports {duticycle[7]}]
endgroup
startgroup
set_property package_pin P7 [get_ports {duticycle[0]}]
endgroup
startgroup
set_property package_pin P10 [get_ports {duticycle[1]}]
endgroup
startgroup
set_property package_pin P14 [get_ports {duticycle[2]}]
endgroup
startgroup
set_property package_pin P17 [get_ports {duticycle[3]}]
endgroup
startgroup
set_property package_pin P83 [get_ports {duticycle[4]}]
endgroup
startgroup
set_property package_pin P82 [get_ports {duticycle[5]}]
endgroup
startgroup
set_property package_pin P81 [get_ports {duticycle[6]}]
endgroup
startgroup
set_property package_pin P80 [get_ports {duticycle[7]}]
endgroup
save_constraints
exit
ERROR: [Common 17-39] 'stop_gui' failed due to earlier errors.
INFO: [Common 17-206] Exiting PlanAhead at Fri Apr 03 17:57:48 2020...
INFO: [Common 17-83] Releasing license: PlanAhead
