Running: C:\Xilinx\14.7\ISE_DS\ISE\bin\nt64\unwrapped\fuse.exe -intstyle ise -incremental -lib secureip -o C:/Users/Sanuj Kulshrestha/Documents/Xilinx-Workspace/MIPS-ALU-32bits/ALU32_BITS_TB_isim_beh.exe -prj C:/Users/Sanuj Kulshrestha/Documents/Xilinx-Workspace/MIPS-ALU-32bits/ALU32_BITS_TB_beh.prj work.ALU32_BITS_TB 
ISim P.20131013 (signature 0x7708f090)
Number of CPUs detected in this system: 4
Turning on mult-threading, number of parallel sub-compilation jobs: 8 
Determining compilation order of HDL files
Parsing VHDL file "C:/Users/Sanuj Kulshrestha/Documents/Xilinx-Workspace/MIPS-ALU-32bits/Mux4x2.vhd" into library work
Parsing VHDL file "C:/Users/Sanuj Kulshrestha/Documents/Xilinx-Workspace/MIPS-ALU-32bits/Mux2x1.vhd" into library work
Parsing VHDL file "C:/Users/Sanuj Kulshrestha/Documents/Xilinx-Workspace/MIPS-ALU-32bits/ALU_1_BIT.vhd" into library work
Parsing VHDL file "C:/Users/Sanuj Kulshrestha/Documents/Xilinx-Workspace/MIPS-ALU-32bits/ALU_32_BITS.vhd" into library work
Parsing VHDL file "C:/Users/Sanuj Kulshrestha/Documents/Xilinx-Workspace/MIPS-ALU-32bits/ALU32_BITS_TB.vhd" into library work
Starting static elaboration
Completed static elaboration
Compiling package standard
Compiling package std_logic_1164
Compiling package std_logic_arith
Compiling package std_logic_unsigned
Compiling architecture behavioral of entity Mux2x1 [mux2x1_default]
Compiling architecture behavioral of entity Mux4x2 [mux4x2_default]
Compiling architecture behavioral of entity ALU_1_BIT [alu_1_bit_default]
Compiling architecture behavioral of entity ALU_32_BITS [alu_32_bits_default]
Compiling architecture behavior of entity alu32_bits_tb
Time Resolution for simulation is 1ps.
Waiting for 1 sub-compilation(s) to finish...
WARNING:Simulator - Unable to copy libPortabilityNOSH.dll to the simulation executable directory: boost::filesystem::copy_file: The system cannot find the path specified, "isim\ALU32_BITS_TB_isim_beh.exe.sim\libPortability.dll".
Compiled 13 VHDL Units
Built simulation executable C:/Users/Sanuj Kulshrestha/Documents/Xilinx-Workspace/MIPS-ALU-32bits/ALU32_BITS_TB_isim_beh.exe
Fuse Memory Usage: 34452 KB
Fuse CPU Usage: 546 ms
