--------------------------------------------------------------------------------
Release 14.7 Trace  (nt64)
Copyright (c) 1995-2013 Xilinx, Inc.  All rights reserved.

C:\Xilinx\14.7\ISE_DS\ISE\bin\nt64\unwrapped\trce.exe -intstyle ise -v 3 -s 3
-n 3 -fastpaths -xml pwm.twx pwm.ncd -o pwm.twr pwm.pcf -ucf pwm.ucf

Design file:              pwm.ncd
Physical constraint file: pwm.pcf
Device,package,speed:     xc6slx9,tqg144,C,-3 (PRODUCTION 1.23 2013-10-13)
Report level:             verbose report

Environment Variable      Effect 
--------------------      ------ 
NONE                      No environment variables were set
--------------------------------------------------------------------------------

INFO:Timing:2698 - No timing constraints found, doing default enumeration.
INFO:Timing:3412 - To improve timing, see the Timing Closure User Guide (UG612).
INFO:Timing:2752 - To get complete path coverage, use the unconstrained paths 
   option. All paths that are not constrained will be reported in the 
   unconstrained paths section(s) of the report.
INFO:Timing:3339 - The clock-to-out numbers in this timing report are based on 
   a 50 Ohm transmission line loading model.  For the details of this model, 
   and for more information on accounting for different loading conditions, 
   please see the device datasheet.



Data Sheet report:
-----------------
All values displayed in nanoseconds (ns)

Setup/Hold to clock clk
------------+------------+------------+------------+------------+------------------+--------+
            |Max Setup to|  Process   |Max Hold to |  Process   |                  | Clock  |
Source      | clk (edge) |   Corner   | clk (edge) |   Corner   |Internal Clock(s) | Phase  |
------------+------------+------------+------------+------------+------------------+--------+
duticycle<0>|    3.945(R)|      SLOW  |   -1.805(R)|      FAST  |clk_BUFGP         |   0.000|
duticycle<1>|    3.922(R)|      SLOW  |   -1.724(R)|      FAST  |clk_BUFGP         |   0.000|
duticycle<2>|    2.981(R)|      SLOW  |   -1.429(R)|      FAST  |clk_BUFGP         |   0.000|
duticycle<3>|    2.720(R)|      SLOW  |   -1.360(R)|      FAST  |clk_BUFGP         |   0.000|
duticycle<4>|    3.240(R)|      SLOW  |   -1.733(R)|      FAST  |clk_BUFGP         |   0.000|
duticycle<5>|    3.058(R)|      SLOW  |   -1.364(R)|      FAST  |clk_BUFGP         |   0.000|
duticycle<6>|    3.055(R)|      SLOW  |   -1.427(R)|      FAST  |clk_BUFGP         |   0.000|
duticycle<7>|    2.910(R)|      SLOW  |   -1.449(R)|      FAST  |clk_BUFGP         |   0.000|
------------+------------+------------+------------+------------+------------------+--------+

Clock clk to Pad
------------+-----------------+------------+-----------------+------------+------------------+--------+
            |Max (slowest) clk|  Process   |Min (fastest) clk|  Process   |                  | Clock  |
Destination |  (edge) to PAD  |   Corner   |  (edge) to PAD  |   Corner   |Internal Clock(s) | Phase  |
------------+-----------------+------------+-----------------+------------+------------------+--------+
pwm_out     |         7.418(R)|      SLOW  |         3.903(R)|      FAST  |clk_BUFGP         |   0.000|
------------+-----------------+------------+-----------------+------------+------------------+--------+

Clock to Setup on destination clock clk
---------------+---------+---------+---------+---------+
               | Src:Rise| Src:Fall| Src:Rise| Src:Fall|
Source Clock   |Dest:Rise|Dest:Rise|Dest:Fall|Dest:Fall|
---------------+---------+---------+---------+---------+
clk            |    2.761|         |         |         |
---------------+---------+---------+---------+---------+


Analysis completed Fri Apr 03 17:58:47 2020 
--------------------------------------------------------------------------------

Trace Settings:
-------------------------
Trace Settings 

Peak Memory Usage: 4571 MB



